<?xml version="1.0" encoding="UTF-8"?>
<testng-results ignored="0" total="6" passed="6" failed="0" skipped="0">
  <reporter-output>
  </reporter-output>
  <suite started-at="2024-02-21T14:52:30 WET" name="Surefire suite" finished-at="2024-02-21T14:52:53 WET" duration-ms="22033">
    <groups>
      <group name="cucumber">
        <method signature="AbstractTestNGCucumberTests.runScenario(io.cucumber.testng.PickleWrapper,io.cucumber.testng.FeatureWrapper)[pri:0, instance:petStoreFinalBDD.TestRunner@20deea7f]" name="runScenario" class="io.cucumber.testng.AbstractTestNGCucumberTests"/>
      </group> <!-- cucumber -->
    </groups>
    <test started-at="2024-02-21T14:52:30 WET" name="Surefire test" finished-at="2024-02-21T14:52:53 WET" duration-ms="22033">
      <class name="petStoreFinalBDD.TestRunner">
        <test-method is-config="true" signature="setUpClass(org.testng.ITestContext)[pri:0, instance:petStoreFinalBDD.TestRunner@20deea7f]" started-at="2024-02-21T14:52:31 WET" name="setUpClass" finished-at="2024-02-21T14:52:31 WET" duration-ms="309" status="PASS">
          <params>
            <param index="0">
              <value>
                <![CDATA[org.testng.TestRunner@302552ec]]>
              </value>
            </param>
          </params>
          <reporter-output>
          </reporter-output>
        </test-method> <!-- setUpClass -->
        <test-method signature="runScenario(io.cucumber.testng.PickleWrapper,io.cucumber.testng.FeatureWrapper)[pri:0, instance:petStoreFinalBDD.TestRunner@20deea7f]" started-at="2024-02-21T14:52:31 WET" name="runScenario" description="Runs Cucumber Scenarios" data-provider="scenarios" finished-at="2024-02-21T14:52:53 WET" duration-ms="21675" status="PASS">
          <params>
            <param index="0">
              <value>
                <![CDATA["User Registration"]]>
              </value>
            </param>
            <param index="1">
              <value>
                <![CDATA["Valid User Registration and Login"]]>
              </value>
            </param>
          </params>
          <reporter-output>
          </reporter-output>
        </test-method> <!-- runScenario -->
        <test-method signature="runScenario(io.cucumber.testng.PickleWrapper,io.cucumber.testng.FeatureWrapper)[pri:0, instance:petStoreFinalBDD.TestRunner@20deea7f]" started-at="2024-02-21T14:52:31 WET" name="runScenario" description="Runs Cucumber Scenarios" data-provider="scenarios" finished-at="2024-02-21T14:52:52 WET" duration-ms="20905" status="PASS">
          <params>
            <param index="0">
              <value>
                <![CDATA["User Registration"]]>
              </value>
            </param>
            <param index="1">
              <value>
                <![CDATA["Valid User Registration and Login"]]>
              </value>
            </param>
          </params>
          <reporter-output>
          </reporter-output>
        </test-method> <!-- runScenario -->
        <test-method signature="runScenario(io.cucumber.testng.PickleWrapper,io.cucumber.testng.FeatureWrapper)[pri:0, instance:petStoreFinalBDD.TestRunner@20deea7f]" started-at="2024-02-21T14:52:31 WET" name="runScenario" description="Runs Cucumber Scenarios" data-provider="scenarios" finished-at="2024-02-21T14:52:44 WET" duration-ms="13549" status="PASS">
          <params>
            <param index="0">
              <value>
                <![CDATA["Product Search and View"]]>
              </value>
            </param>
            <param index="1">
              <value>
                <![CDATA["Valid Product Search"]]>
              </value>
            </param>
          </params>
          <reporter-output>
          </reporter-output>
        </test-method> <!-- runScenario -->
        <test-method signature="runScenario(io.cucumber.testng.PickleWrapper,io.cucumber.testng.FeatureWrapper)[pri:0, instance:petStoreFinalBDD.TestRunner@20deea7f]" started-at="2024-02-21T14:52:31 WET" name="runScenario" description="Runs Cucumber Scenarios" data-provider="scenarios" finished-at="2024-02-21T14:52:39 WET" duration-ms="8302" status="PASS">
          <params>
            <param index="0">
              <value>
                <![CDATA["Adding Item to the Shopping Cart and Checkout"]]>
              </value>
            </param>
            <param index="1">
              <value>
                <![CDATA["Add to Cart"]]>
              </value>
            </param>
          </params>
          <reporter-output>
          </reporter-output>
        </test-method> <!-- runScenario -->
        <test-method signature="runScenario(io.cucumber.testng.PickleWrapper,io.cucumber.testng.FeatureWrapper)[pri:0, instance:petStoreFinalBDD.TestRunner@20deea7f]" started-at="2024-02-21T14:52:31 WET" name="runScenario" description="Runs Cucumber Scenarios" data-provider="scenarios" finished-at="2024-02-21T14:52:47 WET" duration-ms="15896" status="PASS">
          <params>
            <param index="0">
              <value>
                <![CDATA["Product Search and View"]]>
              </value>
            </param>
            <param index="1">
              <value>
                <![CDATA["Valid Product Search"]]>
              </value>
            </param>
          </params>
          <reporter-output>
          </reporter-output>
        </test-method> <!-- runScenario -->
        <test-method signature="runScenario(io.cucumber.testng.PickleWrapper,io.cucumber.testng.FeatureWrapper)[pri:0, instance:petStoreFinalBDD.TestRunner@20deea7f]" started-at="2024-02-21T14:52:31 WET" name="runScenario" description="Runs Cucumber Scenarios" data-provider="scenarios" finished-at="2024-02-21T14:52:42 WET" duration-ms="11586" status="PASS">
          <params>
            <param index="0">
              <value>
                <![CDATA["Adding Item to the Shopping Cart and Checkout"]]>
              </value>
            </param>
            <param index="1">
              <value>
                <![CDATA["Add to Cart"]]>
              </value>
            </param>
          </params>
          <reporter-output>
          </reporter-output>
        </test-method> <!-- runScenario -->
        <test-method is-config="true" signature="tearDownClass()[pri:0, instance:petStoreFinalBDD.TestRunner@20deea7f]" started-at="2024-02-21T14:52:53 WET" name="tearDownClass" finished-at="2024-02-21T14:52:53 WET" duration-ms="6" status="PASS">
          <reporter-output>
          </reporter-output>
        </test-method> <!-- tearDownClass -->
      </class> <!-- petStoreFinalBDD.TestRunner -->
    </test> <!-- Surefire test -->
  </suite> <!-- Surefire suite -->
</testng-results>
